This is pdfTeX, Version 3.14159265-2.6-1.40.18 (TeX Live 2017/Debian) (preloaded format=pdflatex 2019.12.23)  6 SEP 2020 09:13
entering extended mode
 restricted \write18 enabled.
 %&-line parsing enabled.
**TI0118_HW_template.tex
(./TI0118_HW_template.tex
LaTeX2e <2017-04-15>
Babel <3.18> and hyphenation patterns for 5 language(s) loaded.
(/usr/share/texlive/texmf-dist/tex/latex/base/article.cls
Document Class: article 2014/09/29 v1.4h Standard LaTeX document class
(/usr/share/texlive/texmf-dist/tex/latex/base/size10.clo
File: size10.clo 2014/09/29 v1.4h Standard LaTeX file (size option)
)
\c@part=\count79
\c@section=\count80
\c@subsection=\count81
\c@subsubsection=\count82
\c@paragraph=\count83
\c@subparagraph=\count84
\c@figure=\count85
\c@table=\count86
\abovecaptionskip=\skip41
\belowcaptionskip=\skip42
\bibindent=\dimen102
)
(/usr/share/texlive/texmf-dist/tex/latex/base/inputenc.sty
Package: inputenc 2015/03/17 v1.2c Input encoding file
\inpenc@prehook=\toks14
\inpenc@posthook=\toks15

(/usr/share/texlive/texmf-dist/tex/latex/base/ansinew.def
File: ansinew.def 2015/03/17 v1.2c Input encoding file
))
(/usr/share/texlive/texmf-dist/tex/latex/base/fontenc.sty
Package: fontenc 2017/04/05 v2.0i Standard LaTeX package

(/usr/share/texlive/texmf-dist/tex/latex/base/t1enc.def
File: t1enc.def 2017/04/05 v2.0i Standard LaTeX file
LaTeX Font Info:    Redeclaring font encoding T1 on input line 48.
))
(/usr/share/texlive/texmf-dist/tex/latex/pgf/frontendlayer/tikz.sty
(/usr/share/texlive/texmf-dist/tex/latex/pgf/basiclayer/pgf.sty
(/usr/share/texlive/texmf-dist/tex/latex/pgf/utilities/pgfrcs.sty
(/usr/share/texlive/texmf-dist/tex/generic/pgf/utilities/pgfutil-common.tex
\pgfutil@everybye=\toks16
\pgfutil@tempdima=\dimen103
\pgfutil@tempdimb=\dimen104

(/usr/share/texlive/texmf-dist/tex/generic/pgf/utilities/pgfutil-common-lists.t
ex)) (/usr/share/texlive/texmf-dist/tex/generic/pgf/utilities/pgfutil-latex.def
\pgfutil@abb=\box26
(/usr/share/texlive/texmf-dist/tex/latex/ms/everyshi.sty
Package: everyshi 2001/05/15 v3.00 EveryShipout Package (MS)
))
(/usr/share/texlive/texmf-dist/tex/generic/pgf/utilities/pgfrcs.code.tex
Package: pgfrcs 2015/08/07 v3.0.1a (rcs-revision 1.31)
))
Package: pgf 2015/08/07 v3.0.1a (rcs-revision 1.15)

(/usr/share/texlive/texmf-dist/tex/latex/pgf/basiclayer/pgfcore.sty
(/usr/share/texlive/texmf-dist/tex/latex/graphics/graphicx.sty
Package: graphicx 2017/06/01 v1.1a Enhanced LaTeX Graphics (DPC,SPQR)

(/usr/share/texlive/texmf-dist/tex/latex/graphics/keyval.sty
Package: keyval 2014/10/28 v1.15 key=value parser (DPC)
\KV@toks@=\toks17
)
(/usr/share/texlive/texmf-dist/tex/latex/graphics/graphics.sty
Package: graphics 2017/06/25 v1.2c Standard LaTeX Graphics (DPC,SPQR)

(/usr/share/texlive/texmf-dist/tex/latex/graphics/trig.sty
Package: trig 2016/01/03 v1.10 sin cos tan (DPC)
)
(/usr/share/texlive/texmf-dist/tex/latex/graphics-cfg/graphics.cfg
File: graphics.cfg 2016/06/04 v1.11 sample graphics configuration
)
Package graphics Info: Driver file: pdftex.def on input line 99.

(/usr/share/texlive/texmf-dist/tex/latex/graphics-def/pdftex.def
File: pdftex.def 2018/01/08 v1.0l Graphics/color driver for pdftex
))
\Gin@req@height=\dimen105
\Gin@req@width=\dimen106
)
(/usr/share/texlive/texmf-dist/tex/latex/pgf/systemlayer/pgfsys.sty
(/usr/share/texlive/texmf-dist/tex/generic/pgf/systemlayer/pgfsys.code.tex
Package: pgfsys 2014/07/09 v3.0.1a (rcs-revision 1.48)

(/usr/share/texlive/texmf-dist/tex/generic/pgf/utilities/pgfkeys.code.tex
\pgfkeys@pathtoks=\toks18
\pgfkeys@temptoks=\toks19

(/usr/share/texlive/texmf-dist/tex/generic/pgf/utilities/pgfkeysfiltered.code.t
ex
\pgfkeys@tmptoks=\toks20
))
\pgf@x=\dimen107
\pgf@y=\dimen108
\pgf@xa=\dimen109
\pgf@ya=\dimen110
\pgf@xb=\dimen111
\pgf@yb=\dimen112
\pgf@xc=\dimen113
\pgf@yc=\dimen114
\w@pgf@writea=\write3
\r@pgf@reada=\read1
\c@pgf@counta=\count87
\c@pgf@countb=\count88
\c@pgf@countc=\count89
\c@pgf@countd=\count90
\t@pgf@toka=\toks21
\t@pgf@tokb=\toks22
\t@pgf@tokc=\toks23
 (/usr/share/texlive/texmf-dist/tex/generic/pgf/systemlayer/pgf.cfg
File: pgf.cfg 2008/05/14  (rcs-revision 1.7)
)
Driver file for pgf: pgfsys-pdftex.def

(/usr/share/texlive/texmf-dist/tex/generic/pgf/systemlayer/pgfsys-pdftex.def
File: pgfsys-pdftex.def 2014/10/11  (rcs-revision 1.35)

(/usr/share/texlive/texmf-dist/tex/generic/pgf/systemlayer/pgfsys-common-pdf.de
f
File: pgfsys-common-pdf.def 2013/10/10  (rcs-revision 1.13)
)))
(/usr/share/texlive/texmf-dist/tex/generic/pgf/systemlayer/pgfsyssoftpath.code.
tex
File: pgfsyssoftpath.code.tex 2013/09/09  (rcs-revision 1.9)
\pgfsyssoftpath@smallbuffer@items=\count91
\pgfsyssoftpath@bigbuffer@items=\count92
)
(/usr/share/texlive/texmf-dist/tex/generic/pgf/systemlayer/pgfsysprotocol.code.
tex
File: pgfsysprotocol.code.tex 2006/10/16  (rcs-revision 1.4)
)) (/usr/share/texlive/texmf-dist/tex/latex/xcolor/xcolor.sty
Package: xcolor 2016/05/11 v2.12 LaTeX color extensions (UK)

(/usr/share/texlive/texmf-dist/tex/latex/graphics-cfg/color.cfg
File: color.cfg 2016/01/02 v1.6 sample color configuration
)
Package xcolor Info: Driver file: pdftex.def on input line 225.
Package xcolor Info: Model `cmy' substituted by `cmy0' on input line 1348.
Package xcolor Info: Model `hsb' substituted by `rgb' on input line 1352.
Package xcolor Info: Model `RGB' extended on input line 1364.
Package xcolor Info: Model `HTML' substituted by `rgb' on input line 1366.
Package xcolor Info: Model `Hsb' substituted by `hsb' on input line 1367.
Package xcolor Info: Model `tHsb' substituted by `hsb' on input line 1368.
Package xcolor Info: Model `HSB' substituted by `hsb' on input line 1369.
Package xcolor Info: Model `Gray' substituted by `gray' on input line 1370.
Package xcolor Info: Model `wave' substituted by `hsb' on input line 1371.
)
(/usr/share/texlive/texmf-dist/tex/generic/pgf/basiclayer/pgfcore.code.tex
Package: pgfcore 2010/04/11 v3.0.1a (rcs-revision 1.7)

(/usr/share/texlive/texmf-dist/tex/generic/pgf/math/pgfmath.code.tex
(/usr/share/texlive/texmf-dist/tex/generic/pgf/math/pgfmathcalc.code.tex
(/usr/share/texlive/texmf-dist/tex/generic/pgf/math/pgfmathutil.code.tex)
(/usr/share/texlive/texmf-dist/tex/generic/pgf/math/pgfmathparser.code.tex
\pgfmath@dimen=\dimen115
\pgfmath@count=\count93
\pgfmath@box=\box27
\pgfmath@toks=\toks24
\pgfmath@stack@operand=\toks25
\pgfmath@stack@operation=\toks26
)
(/usr/share/texlive/texmf-dist/tex/generic/pgf/math/pgfmathfunctions.code.tex
(/usr/share/texlive/texmf-dist/tex/generic/pgf/math/pgfmathfunctions.basic.code
.tex)
(/usr/share/texlive/texmf-dist/tex/generic/pgf/math/pgfmathfunctions.trigonomet
ric.code.tex)
(/usr/share/texlive/texmf-dist/tex/generic/pgf/math/pgfmathfunctions.random.cod
e.tex)
(/usr/share/texlive/texmf-dist/tex/generic/pgf/math/pgfmathfunctions.comparison
.code.tex)
(/usr/share/texlive/texmf-dist/tex/generic/pgf/math/pgfmathfunctions.base.code.
tex)
(/usr/share/texlive/texmf-dist/tex/generic/pgf/math/pgfmathfunctions.round.code
.tex)
(/usr/share/texlive/texmf-dist/tex/generic/pgf/math/pgfmathfunctions.misc.code.
tex)
(/usr/share/texlive/texmf-dist/tex/generic/pgf/math/pgfmathfunctions.integerari
thmetics.code.tex)))
(/usr/share/texlive/texmf-dist/tex/generic/pgf/math/pgfmathfloat.code.tex
\c@pgfmathroundto@lastzeros=\count94
))
(/usr/share/texlive/texmf-dist/tex/generic/pgf/basiclayer/pgfcorepoints.code.te
x
File: pgfcorepoints.code.tex 2013/10/07  (rcs-revision 1.27)
\pgf@picminx=\dimen116
\pgf@picmaxx=\dimen117
\pgf@picminy=\dimen118
\pgf@picmaxy=\dimen119
\pgf@pathminx=\dimen120
\pgf@pathmaxx=\dimen121
\pgf@pathminy=\dimen122
\pgf@pathmaxy=\dimen123
\pgf@xx=\dimen124
\pgf@xy=\dimen125
\pgf@yx=\dimen126
\pgf@yy=\dimen127
\pgf@zx=\dimen128
\pgf@zy=\dimen129
)
(/usr/share/texlive/texmf-dist/tex/generic/pgf/basiclayer/pgfcorepathconstruct.
code.tex
File: pgfcorepathconstruct.code.tex 2013/10/07  (rcs-revision 1.29)
\pgf@path@lastx=\dimen130
\pgf@path@lasty=\dimen131
)
(/usr/share/texlive/texmf-dist/tex/generic/pgf/basiclayer/pgfcorepathusage.code
.tex
File: pgfcorepathusage.code.tex 2014/11/02  (rcs-revision 1.24)
\pgf@shorten@end@additional=\dimen132
\pgf@shorten@start@additional=\dimen133
)
(/usr/share/texlive/texmf-dist/tex/generic/pgf/basiclayer/pgfcorescopes.code.te
x
File: pgfcorescopes.code.tex 2015/05/08  (rcs-revision 1.46)
\pgfpic=\box28
\pgf@hbox=\box29
\pgf@layerbox@main=\box30
\pgf@picture@serial@count=\count95
)
(/usr/share/texlive/texmf-dist/tex/generic/pgf/basiclayer/pgfcoregraphicstate.c
ode.tex
File: pgfcoregraphicstate.code.tex 2014/11/02  (rcs-revision 1.12)
\pgflinewidth=\dimen134
)
(/usr/share/texlive/texmf-dist/tex/generic/pgf/basiclayer/pgfcoretransformation
s.code.tex
File: pgfcoretransformations.code.tex 2015/08/07  (rcs-revision 1.20)
\pgf@pt@x=\dimen135
\pgf@pt@y=\dimen136
\pgf@pt@temp=\dimen137
)
(/usr/share/texlive/texmf-dist/tex/generic/pgf/basiclayer/pgfcorequick.code.tex
File: pgfcorequick.code.tex 2008/10/09  (rcs-revision 1.3)
)
(/usr/share/texlive/texmf-dist/tex/generic/pgf/basiclayer/pgfcoreobjects.code.t
ex
File: pgfcoreobjects.code.tex 2006/10/11  (rcs-revision 1.2)
)
(/usr/share/texlive/texmf-dist/tex/generic/pgf/basiclayer/pgfcorepathprocessing
.code.tex
File: pgfcorepathprocessing.code.tex 2013/09/09  (rcs-revision 1.9)
)
(/usr/share/texlive/texmf-dist/tex/generic/pgf/basiclayer/pgfcorearrows.code.te
x
File: pgfcorearrows.code.tex 2015/05/14  (rcs-revision 1.43)
\pgfarrowsep=\dimen138
)
(/usr/share/texlive/texmf-dist/tex/generic/pgf/basiclayer/pgfcoreshade.code.tex
File: pgfcoreshade.code.tex 2013/07/15  (rcs-revision 1.15)
\pgf@max=\dimen139
\pgf@sys@shading@range@num=\count96
)
(/usr/share/texlive/texmf-dist/tex/generic/pgf/basiclayer/pgfcoreimage.code.tex
File: pgfcoreimage.code.tex 2013/07/15  (rcs-revision 1.18)

(/usr/share/texlive/texmf-dist/tex/generic/pgf/basiclayer/pgfcoreexternal.code.
tex
File: pgfcoreexternal.code.tex 2014/07/09  (rcs-revision 1.21)
\pgfexternal@startupbox=\box31
))
(/usr/share/texlive/texmf-dist/tex/generic/pgf/basiclayer/pgfcorelayers.code.te
x
File: pgfcorelayers.code.tex 2013/07/18  (rcs-revision 1.7)
)
(/usr/share/texlive/texmf-dist/tex/generic/pgf/basiclayer/pgfcoretransparency.c
ode.tex
File: pgfcoretransparency.code.tex 2013/09/30  (rcs-revision 1.5)
)
(/usr/share/texlive/texmf-dist/tex/generic/pgf/basiclayer/pgfcorepatterns.code.
tex
File: pgfcorepatterns.code.tex 2013/11/07  (rcs-revision 1.5)
)))
(/usr/share/texlive/texmf-dist/tex/generic/pgf/modules/pgfmoduleshapes.code.tex
File: pgfmoduleshapes.code.tex 2014/03/21  (rcs-revision 1.35)
\pgfnodeparttextbox=\box32
) (/usr/share/texlive/texmf-dist/tex/generic/pgf/modules/pgfmoduleplot.code.tex
File: pgfmoduleplot.code.tex 2015/08/03  (rcs-revision 1.13)
)
(/usr/share/texlive/texmf-dist/tex/latex/pgf/compatibility/pgfcomp-version-0-65
.sty
Package: pgfcomp-version-0-65 2007/07/03 v3.0.1a (rcs-revision 1.7)
\pgf@nodesepstart=\dimen140
\pgf@nodesepend=\dimen141
)
(/usr/share/texlive/texmf-dist/tex/latex/pgf/compatibility/pgfcomp-version-1-18
.sty
Package: pgfcomp-version-1-18 2007/07/23 v3.0.1a (rcs-revision 1.1)
)) (/usr/share/texlive/texmf-dist/tex/latex/pgf/utilities/pgffor.sty
(/usr/share/texlive/texmf-dist/tex/latex/pgf/utilities/pgfkeys.sty
(/usr/share/texlive/texmf-dist/tex/generic/pgf/utilities/pgfkeys.code.tex))
(/usr/share/texlive/texmf-dist/tex/latex/pgf/math/pgfmath.sty
(/usr/share/texlive/texmf-dist/tex/generic/pgf/math/pgfmath.code.tex))
(/usr/share/texlive/texmf-dist/tex/generic/pgf/utilities/pgffor.code.tex
Package: pgffor 2013/12/13 v3.0.1a (rcs-revision 1.25)

(/usr/share/texlive/texmf-dist/tex/generic/pgf/math/pgfmath.code.tex)
\pgffor@iter=\dimen142
\pgffor@skip=\dimen143
\pgffor@stack=\toks27
\pgffor@toks=\toks28
))
(/usr/share/texlive/texmf-dist/tex/generic/pgf/frontendlayer/tikz/tikz.code.tex
Package: tikz 2015/08/07 v3.0.1a (rcs-revision 1.151)

(/usr/share/texlive/texmf-dist/tex/generic/pgf/libraries/pgflibraryplothandlers
.code.tex
File: pgflibraryplothandlers.code.tex 2013/08/31 v3.0.1a (rcs-revision 1.20)
\pgf@plot@mark@count=\count97
\pgfplotmarksize=\dimen144
)
\tikz@lastx=\dimen145
\tikz@lasty=\dimen146
\tikz@lastxsaved=\dimen147
\tikz@lastysaved=\dimen148
\tikzleveldistance=\dimen149
\tikzsiblingdistance=\dimen150
\tikz@figbox=\box33
\tikz@figbox@bg=\box34
\tikz@tempbox=\box35
\tikz@tempbox@bg=\box36
\tikztreelevel=\count98
\tikznumberofchildren=\count99
\tikznumberofcurrentchild=\count100
\tikz@fig@count=\count101

(/usr/share/texlive/texmf-dist/tex/generic/pgf/modules/pgfmodulematrix.code.tex
File: pgfmodulematrix.code.tex 2013/09/17  (rcs-revision 1.8)
\pgfmatrixcurrentrow=\count102
\pgfmatrixcurrentcolumn=\count103
\pgf@matrix@numberofcolumns=\count104
)
\tikz@expandcount=\count105

(/usr/share/texlive/texmf-dist/tex/generic/pgf/frontendlayer/tikz/libraries/tik
zlibrarytopaths.code.tex
File: tikzlibrarytopaths.code.tex 2008/06/17 v3.0.1a (rcs-revision 1.2)
)))
(/usr/share/texlive/texmf-dist/tex/generic/pgf/frontendlayer/tikz/libraries/tik
zlibrarycalc.code.tex
File: tikzlibrarycalc.code.tex 2013/07/15 v3.0.1a (rcs-revision 1.9)
)
(/usr/share/texlive/texmf-dist/tex/generic/pgf/frontendlayer/tikz/libraries/tik
zlibrarypatterns.code.tex
File: tikzlibrarypatterns.code.tex 2008/01/15 v3.0.1a (rcs-revision 1.2)

(/usr/share/texlive/texmf-dist/tex/generic/pgf/libraries/pgflibrarypatterns.cod
e.tex
File: pgflibrarypatterns.code.tex 2008/03/03 v3.0.1a (rcs-revision 1.13)
))
(/usr/share/texlive/texmf-dist/tex/generic/pgf/frontendlayer/tikz/libraries/tik
zlibraryangles.code.tex
File: tikzlibraryangles.code.tex 2013/08/28 v3.0.1a (rcs-revision 1.1)
)
(/usr/share/texlive/texmf-dist/tex/generic/pgf/frontendlayer/tikz/libraries/tik
zlibraryquotes.code.tex
File: tikzlibraryquotes.code.tex 2014/03/21 v3.0.1a (rcs-revision 1.4)
) (/usr/share/texlive/texmf-dist/tex/latex/ae/ae.sty
Package: ae 2001/02/12 1.3 Almost European Computer Modern

(/usr/share/texlive/texmf-dist/tex/latex/base/fontenc.sty
Package: fontenc 2017/04/05 v2.0i Standard LaTeX package

(/usr/share/texlive/texmf-dist/tex/latex/base/t1enc.def
File: t1enc.def 2017/04/05 v2.0i Standard LaTeX file
LaTeX Font Info:    Redeclaring font encoding T1 on input line 48.
)
LaTeX Font Info:    Try loading font information for T1+aer on input line 105.

(/usr/share/texlive/texmf-dist/tex/latex/ae/t1aer.fd
File: t1aer.fd 1997/11/16 Font definitions for T1/aer.
)))
(/usr/share/texlive/texmf-dist/tex/latex/amsmath/amsmath.sty
Package: amsmath 2017/09/02 v2.17a AMS math features
\@mathmargin=\skip43

For additional information on amsmath, use the `?' option.
(/usr/share/texlive/texmf-dist/tex/latex/amsmath/amstext.sty
Package: amstext 2000/06/29 v2.01 AMS text

(/usr/share/texlive/texmf-dist/tex/latex/amsmath/amsgen.sty
File: amsgen.sty 1999/11/30 v2.0 generic functions
\@emptytoks=\toks29
\ex@=\dimen151
))
(/usr/share/texlive/texmf-dist/tex/latex/amsmath/amsbsy.sty
Package: amsbsy 1999/11/29 v1.2d Bold Symbols
\pmbraise@=\dimen152
)
(/usr/share/texlive/texmf-dist/tex/latex/amsmath/amsopn.sty
Package: amsopn 2016/03/08 v2.02 operator names
)
\inf@bad=\count106
LaTeX Info: Redefining \frac on input line 213.
\uproot@=\count107
\leftroot@=\count108
LaTeX Info: Redefining \overline on input line 375.
\classnum@=\count109
\DOTSCASE@=\count110
LaTeX Info: Redefining \ldots on input line 472.
LaTeX Info: Redefining \dots on input line 475.
LaTeX Info: Redefining \cdots on input line 596.
\Mathstrutbox@=\box37
\strutbox@=\box38
\big@size=\dimen153
LaTeX Font Info:    Redeclaring font encoding OML on input line 712.
LaTeX Font Info:    Redeclaring font encoding OMS on input line 713.
\macc@depth=\count111
\c@MaxMatrixCols=\count112
\dotsspace@=\muskip10
\c@parentequation=\count113
\dspbrk@lvl=\count114
\tag@help=\toks30
\row@=\count115
\column@=\count116
\maxfields@=\count117
\andhelp@=\toks31
\eqnshift@=\dimen154
\alignsep@=\dimen155
\tagshift@=\dimen156
\tagwidth@=\dimen157
\totwidth@=\dimen158
\lineht@=\dimen159
\@envbody=\toks32
\multlinegap=\skip44
\multlinetaggap=\skip45
\mathdisplay@stack=\toks33
LaTeX Info: Redefining \[ on input line 2817.
LaTeX Info: Redefining \] on input line 2818.
)
(/usr/share/texlive/texmf-dist/tex/latex/amsfonts/amssymb.sty
Package: amssymb 2013/01/14 v3.01 AMS font symbols

(/usr/share/texlive/texmf-dist/tex/latex/amsfonts/amsfonts.sty
Package: amsfonts 2013/01/14 v3.01 Basic AMSFonts support
\symAMSa=\mathgroup4
\symAMSb=\mathgroup5
LaTeX Font Info:    Overwriting math alphabet `\mathfrak' in version `bold'
(Font)                  U/euf/m/n --> U/euf/b/n on input line 106.
))
(/usr/share/texlive/texmf-dist/tex/latex/amscls/amsthm.sty
Package: amsthm 2017/10/31 v2.20.4
\thm@style=\toks34
\thm@bodyfont=\toks35
\thm@headfont=\toks36
\thm@notefont=\toks37
\thm@headpunct=\toks38
\thm@preskip=\skip46
\thm@postskip=\skip47
\thm@headsep=\skip48
\dth@everypar=\toks39
)
(/usr/share/texlive/texmf-dist/tex/generic/babel/babel.sty
Package: babel 2018/02/14 3.18 The Babel package

(/usr/share/texlive/texmf-dist/tex/generic/babel/switch.def
File: switch.def 2018/02/14 3.18 Babel switching mechanism
)
(/usr/share/texlive/texmf-dist/tex/generic/babel-english/english.ldf
Language: english 2017/06/06 v3.3r English support from the babel system

(/usr/share/texlive/texmf-dist/tex/generic/babel/babel.def
File: babel.def 2018/02/14 3.18 Babel common definitions
\babel@savecnt=\count118
\U@D=\dimen160

(/usr/share/texlive/texmf-dist/tex/generic/babel/txtbabel.def)
\bbl@dirlevel=\count119
)
\l@canadian = a dialect from \language\l@american 
\l@australian = a dialect from \language\l@british 
\l@newzealand = a dialect from \language\l@british 
))
(/usr/share/texlive/texmf-dist/tex/latex/tools/multicol.sty
Package: multicol 2017/04/11 v1.8q multicolumn formatting (FMi)
\c@tracingmulticols=\count120
\mult@box=\box39
\multicol@leftmargin=\dimen161
\c@unbalance=\count121
\c@collectmore=\count122
\doublecol@number=\count123
\multicoltolerance=\count124
\multicolpretolerance=\count125
\full@width=\dimen162
\page@free=\dimen163
\premulticols=\dimen164
\postmulticols=\dimen165
\multicolsep=\skip49
\multicolbaselineskip=\skip50
\partial@page=\box40
\last@line=\box41
\maxbalancingoverflow=\dimen166
\mult@rightbox=\box42
\mult@grightbox=\box43
\mult@gfirstbox=\box44
\mult@firstbox=\box45
\@tempa=\box46
\@tempa=\box47
\@tempa=\box48
\@tempa=\box49
\@tempa=\box50
\@tempa=\box51
\@tempa=\box52
\@tempa=\box53
\@tempa=\box54
\@tempa=\box55
\@tempa=\box56
\@tempa=\box57
\@tempa=\box58
\@tempa=\box59
\@tempa=\box60
\@tempa=\box61
\@tempa=\box62
\c@columnbadness=\count126
\c@finalcolumnbadness=\count127
\last@try=\dimen167
\multicolovershoot=\dimen168
\multicolundershoot=\dimen169
\mult@nat@firstbox=\box63
\colbreak@box=\box64
\mc@col@check@num=\count128
)
(/usr/share/texlive/texmf-dist/tex/latex/caption/subcaption.sty
Package: subcaption 2016/05/22 v1.1-161 Sub-captions (AR)

(/usr/share/texlive/texmf-dist/tex/latex/caption/caption.sty
Package: caption 2016/02/21 v3.3-144 Customizing captions (AR)

(/usr/share/texlive/texmf-dist/tex/latex/caption/caption3.sty
Package: caption3 2016/05/22 v1.7-166 caption3 kernel (AR)
Package caption3 Info: TeX engine: e-TeX on input line 67.
\captionmargin=\dimen170
\captionmargin@=\dimen171
\captionwidth=\dimen172
\caption@tempdima=\dimen173
\caption@indent=\dimen174
\caption@parindent=\dimen175
\caption@hangindent=\dimen176
)
\c@ContinuedFloat=\count129
)
\c@subfigure=\count130
\c@subtable=\count131
)
(/usr/share/texlive/texmf-dist/tex/latex/setspace/setspace.sty
Package: setspace 2011/12/19 v6.7a set line spacing
)
(/usr/share/texlive/texmf-dist/tex/latex/float/float.sty
Package: float 2001/11/08 v1.3d Float enhancements (AL)
\c@float@type=\count132
\float@exts=\toks40
\float@box=\box65
\@float@everytoks=\toks41
\@floatcapt=\box66
)
(/usr/share/texlive/texmf-dist/tex/latex/titlesec/titlesec.sty
Package: titlesec 2016/03/21 v2.10.2 Sectioning titles
\ttl@box=\box67
\beforetitleunit=\skip51
\aftertitleunit=\skip52
\ttl@plus=\dimen177
\ttl@minus=\dimen178
\ttl@toksa=\toks42
\titlewidth=\dimen179
\titlewidthlast=\dimen180
\titlewidthfirst=\dimen181
)
(/usr/share/texlive/texmf-dist/tex/latex/url/url.sty
\Urlmuskip=\muskip11
Package: url 2013/09/16  ver 3.4  Verb mode for urls, etc.
)
(/usr/share/texlive/texmf-dist/tex/latex/hyperref/hyperref.sty
Package: hyperref 2018/02/06 v6.86b Hypertext links for LaTeX

(/usr/share/texlive/texmf-dist/tex/generic/oberdiek/hobsub-hyperref.sty
Package: hobsub-hyperref 2016/05/16 v1.14 Bundle oberdiek, subset hyperref (HO)


(/usr/share/texlive/texmf-dist/tex/generic/oberdiek/hobsub-generic.sty
Package: hobsub-generic 2016/05/16 v1.14 Bundle oberdiek, subset generic (HO)
Package: hobsub 2016/05/16 v1.14 Construct package bundles (HO)
Package: infwarerr 2016/05/16 v1.4 Providing info/warning/error messages (HO)
Package: ltxcmds 2016/05/16 v1.23 LaTeX kernel commands for general use (HO)
Package: ifluatex 2016/05/16 v1.4 Provides the ifluatex switch (HO)
Package ifluatex Info: LuaTeX not detected.
Package: ifvtex 2016/05/16 v1.6 Detect VTeX and its facilities (HO)
Package ifvtex Info: VTeX not detected.
Package: intcalc 2016/05/16 v1.2 Expandable calculations with integers (HO)
Package: ifpdf 2017/03/15 v3.2 Provides the ifpdf switch
Package: etexcmds 2016/05/16 v1.6 Avoid name clashes with e-TeX commands (HO)
Package etexcmds Info: Could not find \expanded.
(etexcmds)             That can mean that you are not using pdfTeX 1.50 or
(etexcmds)             that some package has redefined \expanded.
(etexcmds)             In the latter case, load this package earlier.
Package: kvsetkeys 2016/05/16 v1.17 Key value parser (HO)
Package: kvdefinekeys 2016/05/16 v1.4 Define keys (HO)
Package: pdftexcmds 2018/01/21 v0.26 Utility functions of pdfTeX for LuaTeX (HO
)
Package pdftexcmds Info: LuaTeX not detected.
Package pdftexcmds Info: \pdf@primitive is available.
Package pdftexcmds Info: \pdf@ifprimitive is available.
Package pdftexcmds Info: \pdfdraftmode found.
Package: pdfescape 2016/05/16 v1.14 Implements pdfTeX's escape features (HO)
Package: bigintcalc 2016/05/16 v1.4 Expandable calculations on big integers (HO
)
Package: bitset 2016/05/16 v1.2 Handle bit-vector datatype (HO)
Package: uniquecounter 2016/05/16 v1.3 Provide unlimited unique counter (HO)
)
Package hobsub Info: Skipping package `hobsub' (already loaded).
Package: letltxmacro 2016/05/16 v1.5 Let assignment for LaTeX macros (HO)
Package: hopatch 2016/05/16 v1.3 Wrapper for package hooks (HO)
Package: xcolor-patch 2016/05/16 xcolor patch
Package: atveryend 2016/05/16 v1.9 Hooks at the very end of document (HO)
Package atveryend Info: \enddocument detected (standard20110627).
Package: atbegshi 2016/06/09 v1.18 At begin shipout hook (HO)
Package: refcount 2016/05/16 v3.5 Data extraction from label references (HO)
Package: hycolor 2016/05/16 v1.8 Color options for hyperref/bookmark (HO)
)
(/usr/share/texlive/texmf-dist/tex/generic/ifxetex/ifxetex.sty
Package: ifxetex 2010/09/12 v0.6 Provides ifxetex conditional
)
(/usr/share/texlive/texmf-dist/tex/latex/oberdiek/auxhook.sty
Package: auxhook 2016/05/16 v1.4 Hooks for auxiliary files (HO)
)
(/usr/share/texlive/texmf-dist/tex/latex/oberdiek/kvoptions.sty
Package: kvoptions 2016/05/16 v3.12 Key value format for package options (HO)
)
\@linkdim=\dimen182
\Hy@linkcounter=\count133
\Hy@pagecounter=\count134

(/usr/share/texlive/texmf-dist/tex/latex/hyperref/pd1enc.def
File: pd1enc.def 2018/02/06 v6.86b Hyperref: PDFDocEncoding definition (HO)
)
\Hy@SavedSpaceFactor=\count135

(/usr/share/texlive/texmf-dist/tex/latex/latexconfig/hyperref.cfg
File: hyperref.cfg 2002/06/06 v1.2 hyperref configuration of TeXLive
)
Package hyperref Info: Hyper figures OFF on input line 4509.
Package hyperref Info: Link nesting OFF on input line 4514.
Package hyperref Info: Hyper index ON on input line 4517.
Package hyperref Info: Plain pages OFF on input line 4524.
Package hyperref Info: Backreferencing OFF on input line 4529.
Package hyperref Info: Implicit mode ON; LaTeX internals redefined.
Package hyperref Info: Bookmarks ON on input line 4762.
\c@Hy@tempcnt=\count136
LaTeX Info: Redefining \url on input line 5115.
\XeTeXLinkMargin=\dimen183
\Fld@menulength=\count137
\Field@Width=\dimen184
\Fld@charsize=\dimen185
Package hyperref Info: Hyper figures OFF on input line 6369.
Package hyperref Info: Link nesting OFF on input line 6374.
Package hyperref Info: Hyper index ON on input line 6377.
Package hyperref Info: backreferencing OFF on input line 6384.
Package hyperref Info: Link coloring OFF on input line 6389.
Package hyperref Info: Link coloring with OCG OFF on input line 6394.
Package hyperref Info: PDF/A mode OFF on input line 6399.
LaTeX Info: Redefining \ref on input line 6439.
LaTeX Info: Redefining \pageref on input line 6443.
\Hy@abspage=\count138
\c@Item=\count139
\c@Hfootnote=\count140
)
Package hyperref Info: Driver (autodetected): hpdftex.

(/usr/share/texlive/texmf-dist/tex/latex/hyperref/hpdftex.def
File: hpdftex.def 2018/02/06 v6.86b Hyperref driver for pdfTeX
\Fld@listcount=\count141
\c@bookmark@seq@number=\count142

(/usr/share/texlive/texmf-dist/tex/latex/oberdiek/rerunfilecheck.sty
Package: rerunfilecheck 2016/05/16 v1.8 Rerun checks for auxiliary files (HO)
Package uniquecounter Info: New unique counter `rerunfilecheck' on input line 2
82.
)
\Hy@SectionHShift=\skip53
)
Package hyperref Info: Option `colorlinks' set `true' on input line 29.

(/usr/share/texlive/texmf-dist/tex/latex/comment/comment.sty
\CommentStream=\write4

Excluding comment 'comment')
(/usr/share/texlive/texmf-dist/tex/latex/listings/listings.sty
\lst@mode=\count143
\lst@gtempboxa=\box68
\lst@token=\toks43
\lst@length=\count144
\lst@currlwidth=\dimen186
\lst@column=\count145
\lst@pos=\count146
\lst@lostspace=\dimen187
\lst@width=\dimen188
\lst@newlines=\count147
\lst@lineno=\count148
\lst@maxwidth=\dimen189

(/usr/share/texlive/texmf-dist/tex/latex/listings/lstmisc.sty
File: lstmisc.sty 2015/06/04 1.6 (Carsten Heinz)
\c@lstnumber=\count149
\lst@skipnumbers=\count150
\lst@framebox=\box69
)
(/usr/share/texlive/texmf-dist/tex/latex/listings/listings.cfg
File: listings.cfg 2015/06/04 1.6 listings configuration
))
Package: listings 2015/06/04 1.6 (Carsten Heinz)

(/usr/share/texlive/texmf-dist/tex/latex/listings/lstlang1.sty
File: lstlang1.sty 2015/06/04 1.6 listings language file
)
(build/TI0118_HW_template.aux

LaTeX Warning: Label `fig:my_label' multiply defined.


LaTeX Warning: Label `fig:EXE_error' multiply defined.


LaTeX Warning: Label `lst:6_info' multiply defined.

)
\openout1 = `TI0118_HW_template.aux'.

LaTeX Font Info:    Checking defaults for OML/cmm/m/it on input line 47.
LaTeX Font Info:    ... okay on input line 47.
LaTeX Font Info:    Checking defaults for T1/cmr/m/n on input line 47.
LaTeX Font Info:    ... okay on input line 47.
LaTeX Font Info:    Checking defaults for OT1/cmr/m/n on input line 47.
LaTeX Font Info:    ... okay on input line 47.
LaTeX Font Info:    Checking defaults for OMS/cmsy/m/n on input line 47.
LaTeX Font Info:    ... okay on input line 47.
LaTeX Font Info:    Checking defaults for OMX/cmex/m/n on input line 47.
LaTeX Font Info:    ... okay on input line 47.
LaTeX Font Info:    Checking defaults for U/cmr/m/n on input line 47.
LaTeX Font Info:    ... okay on input line 47.
LaTeX Font Info:    Checking defaults for PD1/pdf/m/n on input line 47.
LaTeX Font Info:    ... okay on input line 47.
 ABD: EveryShipout initializing macros
(/usr/share/texlive/texmf-dist/tex/context/base/mkii/supp-pdf.mkii
[Loading MPS to PDF converter (version 2006.09.02).]
\scratchcounter=\count151
\scratchdimen=\dimen190
\scratchbox=\box70
\nofMPsegments=\count152
\nofMParguments=\count153
\everyMPshowfont=\toks44
\MPscratchCnt=\count154
\MPscratchDim=\dimen191
\MPnumerator=\count155
\makeMPintoPDFobject=\count156
\everyMPtoPDFconversion=\toks45
) (/usr/share/texlive/texmf-dist/tex/latex/oberdiek/epstopdf-base.sty
Package: epstopdf-base 2016/05/15 v2.6 Base part for package epstopdf

(/usr/share/texlive/texmf-dist/tex/latex/oberdiek/grfext.sty
Package: grfext 2016/05/16 v1.2 Manage graphics extensions (HO)
)
Package epstopdf-base Info: Redefining graphics rule for `.eps' on input line 4
38.
Package grfext Info: Graphics extension search list:
(grfext)             [.pdf,.png,.jpg,.mps,.jpeg,.jbig2,.jb2,.PDF,.PNG,.JPG,.JPE
G,.JBIG2,.JB2,.eps]
(grfext)             \AppendGraphicsExtensions on input line 456.

(/usr/share/texlive/texmf-dist/tex/latex/latexconfig/epstopdf-sys.cfg
File: epstopdf-sys.cfg 2010/07/13 v1.3 Configuration of (r)epstopdf for TeX Liv
e
))
Package caption Info: Begin \AtBeginDocument code.
Package caption Info: float package is loaded.
Package caption Info: hyperref package is loaded.
Package caption Info: listings package is loaded.
Package caption Info: End \AtBeginDocument code.
\AtBeginShipoutBox=\box71
Package hyperref Info: Link coloring ON on input line 47.

(/usr/share/texlive/texmf-dist/tex/latex/hyperref/nameref.sty
Package: nameref 2016/05/21 v2.44 Cross-referencing by name of section

(/usr/share/texlive/texmf-dist/tex/generic/oberdiek/gettitlestring.sty
Package: gettitlestring 2016/05/16 v1.5 Cleanup title references (HO)
)
\c@section@level=\count157
)
LaTeX Info: Redefining \ref on input line 47.
LaTeX Info: Redefining \pageref on input line 47.
LaTeX Info: Redefining \nameref on input line 47.

(build/TI0118_HW_template.out) (build/TI0118_HW_template.out)
\@outlinefile=\write5
\openout5 = `TI0118_HW_template.out'.

\c@lstlisting=\count158
<Figures/FromMichela/Course-logo-long.pdf, id=31, 623.18373pt x 142.9089pt>
File: Figures/FromMichela/Course-logo-long.pdf Graphic file (type pdf)
<use Figures/FromMichela/Course-logo-long.pdf>
Package pdftex.def Info: Figures/FromMichela/Course-logo-long.pdf  used on inpu
t line 48.
(pdftex.def)             Requested size: 218.11757pt x 50.01886pt.

Underfull \hbox (badness 10000) in paragraph at lines 51--52

 []

LaTeX Font Info:    Try loading font information for T1+aett on input line 62.
(/usr/share/texlive/texmf-dist/tex/latex/ae/t1aett.fd
File: t1aett.fd 1997/11/16 Font definitions for T1/aett.
)
LaTeX Font Info:    Try loading font information for U+msa on input line 62.

(/usr/share/texlive/texmf-dist/tex/latex/amsfonts/umsa.fd
File: umsa.fd 2013/01/14 v3.01 AMS symbols A
)
LaTeX Font Info:    Try loading font information for U+msb on input line 62.

(/usr/share/texlive/texmf-dist/tex/latex/amsfonts/umsb.fd
File: umsb.fd 2013/01/14 v3.01 AMS symbols B
)
Package epstopdf Info: Source file: <Figures/Question1/EXE_1_SYS_A.eps>
(epstopdf)                    date: 2020-09-04 21:51:51
(epstopdf)                    size: 15682 bytes
(epstopdf)             Output file: <Figures/Question1/EXE_1_SYS_A-eps-converte
d-to.pdf>
(epstopdf)                    date: 2020-09-04 21:55:11
(epstopdf)                    size: 9503 bytes
(epstopdf)             Command: <repstopdf --outfile=Figures/Question1/EXE_1_SY
S_A-eps-converted-to.pdf Figures/Question1/EXE_1_SYS_A.eps>
(epstopdf)             \includegraphics on input line 76.
Package epstopdf Info: Output file is already uptodate.


pdfTeX warning: pdflatex (file ./Figures/Question1/EXE_1_SYS_A-eps-converted-to
.pdf): PDF inclusion: found PDF version <1.7>, but at most version <1.5> allowe
d
<Figures/Question1/EXE_1_SYS_A-eps-converted-to.pdf, id=33, 433.62pt x 289.08pt
>
File: Figures/Question1/EXE_1_SYS_A-eps-converted-to.pdf Graphic file (type pdf
)
<use Figures/Question1/EXE_1_SYS_A-eps-converted-to.pdf>
Package pdftex.def Info: Figures/Question1/EXE_1_SYS_A-eps-converted-to.pdf  us
ed on input line 76.
(pdftex.def)             Requested size: 178.00067pt x 118.66911pt.
Package epstopdf Info: Source file: <Figures/Question1/EXE_1_SYS_B.eps>
(epstopdf)                    date: 2020-09-04 21:51:52
(epstopdf)                    size: 19107 bytes
(epstopdf)             Output file: <Figures/Question1/EXE_1_SYS_B-eps-converte
d-to.pdf>
(epstopdf)                    date: 2020-09-04 21:55:11
(epstopdf)                    size: 11148 bytes
(epstopdf)             Command: <repstopdf --outfile=Figures/Question1/EXE_1_SY
S_B-eps-converted-to.pdf Figures/Question1/EXE_1_SYS_B.eps>
(epstopdf)             \includegraphics on input line 83.
Package epstopdf Info: Output file is already uptodate.


pdfTeX warning: pdflatex (file ./Figures/Question1/EXE_1_SYS_B-eps-converted-to
.pdf): PDF inclusion: found PDF version <1.7>, but at most version <1.5> allowe
d
<Figures/Question1/EXE_1_SYS_B-eps-converted-to.pdf, id=34, 433.62pt x 289.08pt
>
File: Figures/Question1/EXE_1_SYS_B-eps-converted-to.pdf Graphic file (type pdf
)
<use Figures/Question1/EXE_1_SYS_B-eps-converted-to.pdf>
Package pdftex.def Info: Figures/Question1/EXE_1_SYS_B-eps-converted-to.pdf  us
ed on input line 83.
(pdftex.def)             Requested size: 178.00067pt x 118.66911pt.

Overfull \hbox (2.21997pt too wide) in paragraph at lines 74--87
[]$[]$ $[]$ 
 []

LaTeX Font Info:    Try loading font information for OMS+aer on input line 95.
(/usr/share/texlive/texmf-dist/tex/latex/ae/omsaer.fd
File: omsaer.fd 1999/12/27
)
LaTeX Font Info:    Font shape `OMS/aer/m/n' in size <10> not available
(Font)              Font shape `OMS/cmsy/m/n' tried instead on input line 95.
 [1

{/var/lib/texmf/fonts/map/pdftex/updmap/pdftex.map} <./Figures/FromMichela/Cour
se-logo-long.pdf> <./Figures/Question1/EXE_1_SYS_A-eps-converted-to.pdf> <./Fig
ures/Question1/EXE_1_SYS_B-eps-converted-to.pdf>]
Package epstopdf Info: Source file: <Figures/Question1/EXE_1_MSE_TIME_CONSTANT.
eps>
(epstopdf)                    date: 2020-08-24 09:24:23
(epstopdf)                    size: 18900 bytes
(epstopdf)             Output file: <Figures/Question1/EXE_1_MSE_TIME_CONSTANT-
eps-converted-to.pdf>
(epstopdf)                    date: 2020-08-24 09:27:32
(epstopdf)                    size: 11560 bytes
(epstopdf)             Command: <repstopdf --outfile=Figures/Question1/EXE_1_MS
E_TIME_CONSTANT-eps-converted-to.pdf Figures/Question1/EXE_1_MSE_TIME_CONSTANT.
eps>
(epstopdf)             \includegraphics on input line 120.
Package epstopdf Info: Output file is already uptodate.


pdfTeX warning: pdflatex (file ./Figures/Question1/EXE_1_MSE_TIME_CONSTANT-eps-
converted-to.pdf): PDF inclusion: found PDF version <1.7>, but at most version 
<1.5> allowed
<Figures/Question1/EXE_1_MSE_TIME_CONSTANT-eps-converted-to.pdf, id=112, 433.62
pt x 289.08pt>
File: Figures/Question1/EXE_1_MSE_TIME_CONSTANT-eps-converted-to.pdf Graphic fi
le (type pdf)
<use Figures/Question1/EXE_1_MSE_TIME_CONSTANT-eps-converted-to.pdf>
Package pdftex.def Info: Figures/Question1/EXE_1_MSE_TIME_CONSTANT-eps-converte
d-to.pdf  used on input line 120.
(pdftex.def)             Requested size: 177.99728pt x 118.6647pt.

Underfull \hbox (badness 10000) in paragraph at lines 137--138

 []

Package epstopdf Info: Source file: <Figures/Question1/EXE_1_COMPARE_SYS_A.eps>

(epstopdf)                    date: 2020-09-04 21:52:30
(epstopdf)                    size: 21017 bytes
(epstopdf)             Output file: <Figures/Question1/EXE_1_COMPARE_SYS_A-eps-
converted-to.pdf>
(epstopdf)                    date: 2020-09-04 21:55:11
(epstopdf)                    size: 12819 bytes
(epstopdf)             Command: <repstopdf --outfile=Figures/Question1/EXE_1_CO
MPARE_SYS_A-eps-converted-to.pdf Figures/Question1/EXE_1_COMPARE_SYS_A.eps>
(epstopdf)             \includegraphics on input line 142.
Package epstopdf Info: Output file is already uptodate.


pdfTeX warning: pdflatex (file ./Figures/Question1/EXE_1_COMPARE_SYS_A-eps-conv
erted-to.pdf): PDF inclusion: found PDF version <1.7>, but at most version <1.5
> allowed
<Figures/Question1/EXE_1_COMPARE_SYS_A-eps-converted-to.pdf, id=117, 433.62pt x
 289.08pt>
File: Figures/Question1/EXE_1_COMPARE_SYS_A-eps-converted-to.pdf Graphic file (
type pdf)
<use Figures/Question1/EXE_1_COMPARE_SYS_A-eps-converted-to.pdf>
Package pdftex.def Info: Figures/Question1/EXE_1_COMPARE_SYS_A-eps-converted-to
.pdf  used on input line 142.
(pdftex.def)             Requested size: 222.5pt x 148.3331pt.
[2 <./Figures/Question1/EXE_1_MSE_TIME_CONSTANT-eps-converted-to.pdf>]
Package epstopdf Info: Source file: <Figures/Question1/EXE_1_COMPARE_SYS_B.eps>

(epstopdf)                    date: 2020-09-06 06:42:35
(epstopdf)                    size: 26647 bytes
(epstopdf)             Output file: <Figures/Question1/EXE_1_COMPARE_SYS_B-eps-
converted-to.pdf>
(epstopdf)                    date: 2020-09-06 06:43:05
(epstopdf)                    size: 14976 bytes
(epstopdf)             Command: <repstopdf --outfile=Figures/Question1/EXE_1_CO
MPARE_SYS_B-eps-converted-to.pdf Figures/Question1/EXE_1_COMPARE_SYS_B.eps>
(epstopdf)             \includegraphics on input line 181.
Package epstopdf Info: Output file is already uptodate.


pdfTeX warning: pdflatex (file ./Figures/Question1/EXE_1_COMPARE_SYS_B-eps-conv
erted-to.pdf): PDF inclusion: found PDF version <1.7>, but at most version <1.5
> allowed
<Figures/Question1/EXE_1_COMPARE_SYS_B-eps-converted-to.pdf, id=159, 433.62pt x
 289.08pt>
File: Figures/Question1/EXE_1_COMPARE_SYS_B-eps-converted-to.pdf Graphic file (
type pdf)
<use Figures/Question1/EXE_1_COMPARE_SYS_B-eps-converted-to.pdf>
Package pdftex.def Info: Figures/Question1/EXE_1_COMPARE_SYS_B-eps-converted-to
.pdf  used on input line 181.
(pdftex.def)             Requested size: 222.5pt x 148.3331pt.
[3 <./Figures/Question1/EXE_1_COMPARE_SYS_A-eps-converted-to.pdf>] [4 <./Figure
s/Question1/EXE_1_COMPARE_SYS_B-eps-converted-to.pdf>]
Package epstopdf Info: Source file: <Figures/Question2/EXE_2_POLE_ZERO_MAP.eps>

(epstopdf)                    date: 2020-08-24 09:28:02
(epstopdf)                    size: 16749 bytes
(epstopdf)             Output file: <Figures/Question2/EXE_2_POLE_ZERO_MAP-eps-
converted-to.pdf>
(epstopdf)                    date: 2020-08-24 09:28:11
(epstopdf)                    size: 11169 bytes
(epstopdf)             Command: <repstopdf --outfile=Figures/Question2/EXE_2_PO
LE_ZERO_MAP-eps-converted-to.pdf Figures/Question2/EXE_2_POLE_ZERO_MAP.eps>
(epstopdf)             \includegraphics on input line 224.
Package epstopdf Info: Output file is already uptodate.


pdfTeX warning: pdflatex (file ./Figures/Question2/EXE_2_POLE_ZERO_MAP-eps-conv
erted-to.pdf): PDF inclusion: found PDF version <1.7>, but at most version <1.5
> allowed
<Figures/Question2/EXE_2_POLE_ZERO_MAP-eps-converted-to.pdf, id=248, 433.62pt x
 289.08pt>
File: Figures/Question2/EXE_2_POLE_ZERO_MAP-eps-converted-to.pdf Graphic file (
type pdf)
<use Figures/Question2/EXE_2_POLE_ZERO_MAP-eps-converted-to.pdf>
Package pdftex.def Info: Figures/Question2/EXE_2_POLE_ZERO_MAP-eps-converted-to
.pdf  used on input line 224.
(pdftex.def)             Requested size: 222.5pt x 148.3331pt.
Package epstopdf Info: Source file: <Figures/Question2/EXE_2_ITEM_2.eps>
(epstopdf)                    date: 2020-08-24 09:28:02
(epstopdf)                    size: 38327 bytes
(epstopdf)             Output file: <Figures/Question2/EXE_2_ITEM_2-eps-convert
ed-to.pdf>
(epstopdf)                    date: 2020-08-24 09:28:11
(epstopdf)                    size: 18731 bytes
(epstopdf)             Command: <repstopdf --outfile=Figures/Question2/EXE_2_IT
EM_2-eps-converted-to.pdf Figures/Question2/EXE_2_ITEM_2.eps>
(epstopdf)             \includegraphics on input line 242.
Package epstopdf Info: Output file is already uptodate.


pdfTeX warning: pdflatex (file ./Figures/Question2/EXE_2_ITEM_2-eps-converted-t
o.pdf): PDF inclusion: found PDF version <1.7>, but at most version <1.5> allow
ed
<Figures/Question2/EXE_2_ITEM_2-eps-converted-to.pdf, id=250, 433.62pt x 289.08
pt>
File: Figures/Question2/EXE_2_ITEM_2-eps-converted-to.pdf Graphic file (type pd
f)
<use Figures/Question2/EXE_2_ITEM_2-eps-converted-to.pdf>
Package pdftex.def Info: Figures/Question2/EXE_2_ITEM_2-eps-converted-to.pdf  u
sed on input line 242.
(pdftex.def)             Requested size: 222.5pt x 148.3331pt.
[5 <./Figures/Question2/EXE_2_POLE_ZERO_MAP-eps-converted-to.pdf> <./Figures/Qu
estion2/EXE_2_ITEM_2-eps-converted-to.pdf>]
Package epstopdf Info: Source file: <Figures/Question2/EXE_2_POLE_ZERO_MAP_2.ep
s>
(epstopdf)                    date: 2020-08-24 09:28:02
(epstopdf)                    size: 16758 bytes
(epstopdf)             Output file: <Figures/Question2/EXE_2_POLE_ZERO_MAP_2-ep
s-converted-to.pdf>
(epstopdf)                    date: 2020-08-24 09:28:11
(epstopdf)                    size: 11168 bytes
(epstopdf)             Command: <repstopdf --outfile=Figures/Question2/EXE_2_PO
LE_ZERO_MAP_2-eps-converted-to.pdf Figures/Question2/EXE_2_POLE_ZERO_MAP_2.eps>

(epstopdf)             \includegraphics on input line 262.
Package epstopdf Info: Output file is already uptodate.


pdfTeX warning: pdflatex (file ./Figures/Question2/EXE_2_POLE_ZERO_MAP_2-eps-co
nverted-to.pdf): PDF inclusion: found PDF version <1.7>, but at most version <1
.5> allowed
<Figures/Question2/EXE_2_POLE_ZERO_MAP_2-eps-converted-to.pdf, id=324, 433.62pt
 x 289.08pt>
File: Figures/Question2/EXE_2_POLE_ZERO_MAP_2-eps-converted-to.pdf Graphic file
 (type pdf)
<use Figures/Question2/EXE_2_POLE_ZERO_MAP_2-eps-converted-to.pdf>
Package pdftex.def Info: Figures/Question2/EXE_2_POLE_ZERO_MAP_2-eps-converted-
to.pdf  used on input line 262.
(pdftex.def)             Requested size: 222.5pt x 148.3331pt.
Package epstopdf Info: Source file: <Figures/Question2/EXE_2_ITEM_3.eps>
(epstopdf)                    date: 2020-09-04 18:17:30
(epstopdf)                    size: 34557 bytes
(epstopdf)             Output file: <Figures/Question2/EXE_2_ITEM_3-eps-convert
ed-to.pdf>
(epstopdf)                    date: 2020-09-04 18:19:43
(epstopdf)                    size: 18216 bytes
(epstopdf)             Command: <repstopdf --outfile=Figures/Question2/EXE_2_IT
EM_3-eps-converted-to.pdf Figures/Question2/EXE_2_ITEM_3.eps>
(epstopdf)             \includegraphics on input line 290.
Package epstopdf Info: Output file is already uptodate.


pdfTeX warning: pdflatex (file ./Figures/Question2/EXE_2_ITEM_3-eps-converted-t
o.pdf): PDF inclusion: found PDF version <1.7>, but at most version <1.5> allow
ed
<Figures/Question2/EXE_2_ITEM_3-eps-converted-to.pdf, id=326, 433.62pt x 289.08
pt>
File: Figures/Question2/EXE_2_ITEM_3-eps-converted-to.pdf Graphic file (type pd
f)
<use Figures/Question2/EXE_2_ITEM_3-eps-converted-to.pdf>
Package pdftex.def Info: Figures/Question2/EXE_2_ITEM_3-eps-converted-to.pdf  u
sed on input line 290.
(pdftex.def)             Requested size: 178.00067pt x 118.66911pt.
Package epstopdf Info: Source file: <Figures/Question2/EXE_2_ITEM_4.eps>
(epstopdf)                    date: 2020-09-04 18:19:14
(epstopdf)                    size: 39070 bytes
(epstopdf)             Output file: <Figures/Question2/EXE_2_ITEM_4-eps-convert
ed-to.pdf>
(epstopdf)                    date: 2020-09-04 18:19:44
(epstopdf)                    size: 19607 bytes
(epstopdf)             Command: <repstopdf --outfile=Figures/Question2/EXE_2_IT
EM_4-eps-converted-to.pdf Figures/Question2/EXE_2_ITEM_4.eps>
(epstopdf)             \includegraphics on input line 297.
Package epstopdf Info: Output file is already uptodate.


pdfTeX warning: pdflatex (file ./Figures/Question2/EXE_2_ITEM_4-eps-converted-t
o.pdf): PDF inclusion: found PDF version <1.7>, but at most version <1.5> allow
ed
<Figures/Question2/EXE_2_ITEM_4-eps-converted-to.pdf, id=327, 433.62pt x 289.08
pt>
File: Figures/Question2/EXE_2_ITEM_4-eps-converted-to.pdf Graphic file (type pd
f)
<use Figures/Question2/EXE_2_ITEM_4-eps-converted-to.pdf>
Package pdftex.def Info: Figures/Question2/EXE_2_ITEM_4-eps-converted-to.pdf  u
sed on input line 297.
(pdftex.def)             Requested size: 178.00067pt x 118.66911pt.

Overfull \hbox (2.21997pt too wide) in paragraph at lines 288--301
[]$[]$ $[]$ 
 []

[6 <./Figures/Question2/EXE_2_POLE_ZERO_MAP_2-eps-converted-to.pdf> <./Figures/
Question2/EXE_2_ITEM_3-eps-converted-to.pdf> <./Figures/Question2/EXE_2_ITEM_4-
eps-converted-to.pdf>] [7]
Package epstopdf Info: Source file: <Figures/Question3/EXE_3_POLE_ZERO_MAP.eps>

(epstopdf)                    date: 2020-08-24 09:28:02
(epstopdf)                    size: 17924 bytes
(epstopdf)             Output file: <Figures/Question3/EXE_3_POLE_ZERO_MAP-eps-
converted-to.pdf>
(epstopdf)                    date: 2020-08-24 09:28:12
(epstopdf)                    size: 11499 bytes
(epstopdf)             Command: <repstopdf --outfile=Figures/Question3/EXE_3_PO
LE_ZERO_MAP-eps-converted-to.pdf Figures/Question3/EXE_3_POLE_ZERO_MAP.eps>
(epstopdf)             \includegraphics on input line 384.
Package epstopdf Info: Output file is already uptodate.


pdfTeX warning: pdflatex (file ./Figures/Question3/EXE_3_POLE_ZERO_MAP-eps-conv
erted-to.pdf): PDF inclusion: found PDF version <1.7>, but at most version <1.5
> allowed
<Figures/Question3/EXE_3_POLE_ZERO_MAP-eps-converted-to.pdf, id=457, 433.62pt x
 289.08pt>
File: Figures/Question3/EXE_3_POLE_ZERO_MAP-eps-converted-to.pdf Graphic file (
type pdf)
<use Figures/Question3/EXE_3_POLE_ZERO_MAP-eps-converted-to.pdf>
Package pdftex.def Info: Figures/Question3/EXE_3_POLE_ZERO_MAP-eps-converted-to
.pdf  used on input line 384.
(pdftex.def)             Requested size: 222.5pt x 148.3331pt.
Package epstopdf Info: Source file: <Figures/Question3/EXE_3_SYS_OUTPUT.eps>
(epstopdf)                    date: 2020-08-24 09:28:02
(epstopdf)                    size: 17801 bytes
(epstopdf)             Output file: <Figures/Question3/EXE_3_SYS_OUTPUT-eps-con
verted-to.pdf>
(epstopdf)                    date: 2020-08-24 09:28:12
(epstopdf)                    size: 11428 bytes
(epstopdf)             Command: <repstopdf --outfile=Figures/Question3/EXE_3_SY
S_OUTPUT-eps-converted-to.pdf Figures/Question3/EXE_3_SYS_OUTPUT.eps>
(epstopdf)             \includegraphics on input line 392.
Package epstopdf Info: Output file is already uptodate.


pdfTeX warning: pdflatex (file ./Figures/Question3/EXE_3_SYS_OUTPUT-eps-convert
ed-to.pdf): PDF inclusion: found PDF version <1.7>, but at most version <1.5> a
llowed
<Figures/Question3/EXE_3_SYS_OUTPUT-eps-converted-to.pdf, id=459, 433.62pt x 28
9.08pt>
File: Figures/Question3/EXE_3_SYS_OUTPUT-eps-converted-to.pdf Graphic file (typ
e pdf)
<use Figures/Question3/EXE_3_SYS_OUTPUT-eps-converted-to.pdf>
Package pdftex.def Info: Figures/Question3/EXE_3_SYS_OUTPUT-eps-converted-to.pd
f  used on input line 392.
(pdftex.def)             Requested size: 222.5pt x 148.3331pt.
[8 <./Figures/Question3/EXE_3_POLE_ZERO_MAP-eps-converted-to.pdf> <./Figures/Qu
estion3/EXE_3_SYS_OUTPUT-eps-converted-to.pdf>]
Package epstopdf Info: Source file: <Figures/Question3/EXE_3_SYS_LYAPUNOV.eps>
(epstopdf)                    date: 2020-09-05 06:55:24
(epstopdf)                    size: 32854 bytes
(epstopdf)             Output file: <Figures/Question3/EXE_3_SYS_LYAPUNOV-eps-c
onverted-to.pdf>
(epstopdf)                    date: 2020-09-05 07:09:48
(epstopdf)                    size: 15317 bytes
(epstopdf)             Command: <repstopdf --outfile=Figures/Question3/EXE_3_SY
S_LYAPUNOV-eps-converted-to.pdf Figures/Question3/EXE_3_SYS_LYAPUNOV.eps>
(epstopdf)             \includegraphics on input line 439.
Package epstopdf Info: Output file is already uptodate.


pdfTeX warning: pdflatex (file ./Figures/Question3/EXE_3_SYS_LYAPUNOV-eps-conve
rted-to.pdf): PDF inclusion: found PDF version <1.7>, but at most version <1.5>
 allowed
<Figures/Question3/EXE_3_SYS_LYAPUNOV-eps-converted-to.pdf, id=527, 433.62pt x 
289.08pt>
File: Figures/Question3/EXE_3_SYS_LYAPUNOV-eps-converted-to.pdf Graphic file (t
ype pdf)
<use Figures/Question3/EXE_3_SYS_LYAPUNOV-eps-converted-to.pdf>
Package pdftex.def Info: Figures/Question3/EXE_3_SYS_LYAPUNOV-eps-converted-to.
pdf  used on input line 439.
(pdftex.def)             Requested size: 222.5pt x 148.3331pt.
[9 <./Figures/Question3/EXE_3_SYS_LYAPUNOV-eps-converted-to.pdf>]
<Figures/FromMichela/Question4_Figure_1.pdf, id=564, 440.2895pt x 142.8815pt>
File: Figures/FromMichela/Question4_Figure_1.pdf Graphic file (type pdf)
<use Figures/FromMichela/Question4_Figure_1.pdf>
Package pdftex.def Info: Figures/FromMichela/Question4_Figure_1.pdf  used on in
put line 449.
(pdftex.def)             Requested size: 222.5pt x 72.20581pt.
 [10 <./Figures/FromMichela/Question4_Figure_1.pdf>]
Package epstopdf Info: Source file: <Figures/Question4/EXE_4_ITEM_1.eps>
(epstopdf)                    date: 2020-08-24 09:28:02
(epstopdf)                    size: 17016 bytes
(epstopdf)             Output file: <Figures/Question4/EXE_4_ITEM_1-eps-convert
ed-to.pdf>
(epstopdf)                    date: 2020-08-24 09:28:12
(epstopdf)                    size: 12764 bytes
(epstopdf)             Command: <repstopdf --outfile=Figures/Question4/EXE_4_IT
EM_1-eps-converted-to.pdf Figures/Question4/EXE_4_ITEM_1.eps>
(epstopdf)             \includegraphics on input line 499.
Package epstopdf Info: Output file is already uptodate.


pdfTeX warning: pdflatex (file ./Figures/Question4/EXE_4_ITEM_1-eps-converted-t
o.pdf): PDF inclusion: found PDF version <1.7>, but at most version <1.5> allow
ed
<Figures/Question4/EXE_4_ITEM_1-eps-converted-to.pdf, id=618, 433.62pt x 289.08
pt>
File: Figures/Question4/EXE_4_ITEM_1-eps-converted-to.pdf Graphic file (type pd
f)
<use Figures/Question4/EXE_4_ITEM_1-eps-converted-to.pdf>
Package pdftex.def Info: Figures/Question4/EXE_4_ITEM_1-eps-converted-to.pdf  u
sed on input line 499.
(pdftex.def)             Requested size: 222.5pt x 148.3331pt.

Overfull \hbox (17.50002pt too wide) in paragraph at lines 499--500
 [][] 
 []

Package epstopdf Info: Source file: <Figures/Question4/EXE_4_ITEM_2.eps>
(epstopdf)                    date: 2020-08-24 09:28:02
(epstopdf)                    size: 26427 bytes
(epstopdf)             Output file: <Figures/Question4/EXE_4_ITEM_2-eps-convert
ed-to.pdf>
(epstopdf)                    date: 2020-08-24 09:28:13
(epstopdf)                    size: 18073 bytes
(epstopdf)             Command: <repstopdf --outfile=Figures/Question4/EXE_4_IT
EM_2-eps-converted-to.pdf Figures/Question4/EXE_4_ITEM_2.eps>
(epstopdf)             \includegraphics on input line 508.
Package epstopdf Info: Output file is already uptodate.


pdfTeX warning: pdflatex (file ./Figures/Question4/EXE_4_ITEM_2-eps-converted-t
o.pdf): PDF inclusion: found PDF version <1.7>, but at most version <1.5> allow
ed
<Figures/Question4/EXE_4_ITEM_2-eps-converted-to.pdf, id=619, 433.62pt x 289.08
pt>
File: Figures/Question4/EXE_4_ITEM_2-eps-converted-to.pdf Graphic file (type pd
f)
<use Figures/Question4/EXE_4_ITEM_2-eps-converted-to.pdf>
Package pdftex.def Info: Figures/Question4/EXE_4_ITEM_2-eps-converted-to.pdf  u
sed on input line 508.
(pdftex.def)             Requested size: 222.5pt x 148.3331pt.

Overfull \hbox (17.50002pt too wide) in paragraph at lines 508--509
 [][] 
 []

Package epstopdf Info: Source file: <Figures/Question4/EXE_4_ITEM_3.eps>
(epstopdf)                    date: 2020-08-24 09:28:02
(epstopdf)                    size: 16838 bytes
(epstopdf)             Output file: <Figures/Question4/EXE_4_ITEM_3-eps-convert
ed-to.pdf>
(epstopdf)                    date: 2020-08-24 09:28:13
(epstopdf)                    size: 11525 bytes
(epstopdf)             Command: <repstopdf --outfile=Figures/Question4/EXE_4_IT
EM_3-eps-converted-to.pdf Figures/Question4/EXE_4_ITEM_3.eps>
(epstopdf)             \includegraphics on input line 560.
Package epstopdf Info: Output file is already uptodate.


pdfTeX warning: pdflatex (file ./Figures/Question4/EXE_4_ITEM_3-eps-converted-t
o.pdf): PDF inclusion: found PDF version <1.7>, but at most version <1.5> allow
ed
<Figures/Question4/EXE_4_ITEM_3-eps-converted-to.pdf, id=621, 433.62pt x 289.08
pt>
File: Figures/Question4/EXE_4_ITEM_3-eps-converted-to.pdf Graphic file (type pd
f)
<use Figures/Question4/EXE_4_ITEM_3-eps-converted-to.pdf>
Package pdftex.def Info: Figures/Question4/EXE_4_ITEM_3-eps-converted-to.pdf  u
sed on input line 560.
(pdftex.def)             Requested size: 222.5pt x 148.3331pt.
[11 <./Figures/Question4/EXE_4_ITEM_1-eps-converted-to.pdf> <./Figures/Question
4/EXE_4_ITEM_2-eps-converted-to.pdf>]
Package epstopdf Info: Source file: <Figures/Question4/EXE_4_MULTIPLE_PLOTS.eps
>
(epstopdf)                    date: 2020-08-24 11:09:23
(epstopdf)                    size: 63551 bytes
(epstopdf)             Output file: <Figures/Question4/EXE_4_MULTIPLE_PLOTS-eps
-converted-to.pdf>
(epstopdf)                    date: 2020-08-24 11:14:37
(epstopdf)                    size: 24609 bytes
(epstopdf)             Command: <repstopdf --outfile=Figures/Question4/EXE_4_MU
LTIPLE_PLOTS-eps-converted-to.pdf Figures/Question4/EXE_4_MULTIPLE_PLOTS.eps>
(epstopdf)             \includegraphics on input line 584.
Package epstopdf Info: Output file is already uptodate.


pdfTeX warning: pdflatex (file ./Figures/Question4/EXE_4_MULTIPLE_PLOTS-eps-con
verted-to.pdf): PDF inclusion: found PDF version <1.7>, but at most version <1.
5> allowed
<Figures/Question4/EXE_4_MULTIPLE_PLOTS-eps-converted-to.pdf, id=689, 433.62pt 
x 289.08pt>
File: Figures/Question4/EXE_4_MULTIPLE_PLOTS-eps-converted-to.pdf Graphic file 
(type pdf)
<use Figures/Question4/EXE_4_MULTIPLE_PLOTS-eps-converted-to.pdf>
Package pdftex.def Info: Figures/Question4/EXE_4_MULTIPLE_PLOTS-eps-converted-t
o.pdf  used on input line 584.
(pdftex.def)             Requested size: 222.5pt x 148.3331pt.
Package epstopdf Info: Source file: <Figures/Question4/EXE_4_ITEM_5.eps>
(epstopdf)                    date: 2020-08-24 11:30:41
(epstopdf)                    size: 35384 bytes
(epstopdf)             Output file: <Figures/Question4/EXE_4_ITEM_5-eps-convert
ed-to.pdf>
(epstopdf)                    date: 2020-08-24 11:31:45
(epstopdf)                    size: 16209 bytes
(epstopdf)             Command: <repstopdf --outfile=Figures/Question4/EXE_4_IT
EM_5-eps-converted-to.pdf Figures/Question4/EXE_4_ITEM_5.eps>
(epstopdf)             \includegraphics on input line 590.
Package epstopdf Info: Output file is already uptodate.


pdfTeX warning: pdflatex (file ./Figures/Question4/EXE_4_ITEM_5-eps-converted-t
o.pdf): PDF inclusion: found PDF version <1.7>, but at most version <1.5> allow
ed
<Figures/Question4/EXE_4_ITEM_5-eps-converted-to.pdf, id=690, 433.62pt x 289.08
pt>
File: Figures/Question4/EXE_4_ITEM_5-eps-converted-to.pdf Graphic file (type pd
f)
<use Figures/Question4/EXE_4_ITEM_5-eps-converted-to.pdf>
Package pdftex.def Info: Figures/Question4/EXE_4_ITEM_5-eps-converted-to.pdf  u
sed on input line 590.
(pdftex.def)             Requested size: 222.5pt x 148.3331pt.
[12 <./Figures/Question4/EXE_4_ITEM_3-eps-converted-to.pdf> <./Figures/Question
4/EXE_4_MULTIPLE_PLOTS-eps-converted-to.pdf>] [13 <./Figures/Question4/EXE_4_IT
EM_5-eps-converted-to.pdf>]
Package epstopdf Info: Source file: <Figures/Question5/EXE_5_ITEM_4.eps>
(epstopdf)                    date: 2020-08-24 09:28:02
(epstopdf)                    size: 18734 bytes
(epstopdf)             Output file: <Figures/Question5/EXE_5_ITEM_4-eps-convert
ed-to.pdf>
(epstopdf)                    date: 2020-08-24 09:28:13
(epstopdf)                    size: 11988 bytes
(epstopdf)             Command: <repstopdf --outfile=Figures/Question5/EXE_5_IT
EM_4-eps-converted-to.pdf Figures/Question5/EXE_5_ITEM_4.eps>
(epstopdf)             \includegraphics on input line 659.
Package epstopdf Info: Output file is already uptodate.


pdfTeX warning: pdflatex (file ./Figures/Question5/EXE_5_ITEM_4-eps-converted-t
o.pdf): PDF inclusion: found PDF version <1.7>, but at most version <1.5> allow
ed
<Figures/Question5/EXE_5_ITEM_4-eps-converted-to.pdf, id=790, 433.62pt x 289.08
pt>
File: Figures/Question5/EXE_5_ITEM_4-eps-converted-to.pdf Graphic file (type pd
f)
<use Figures/Question5/EXE_5_ITEM_4-eps-converted-to.pdf>
Package pdftex.def Info: Figures/Question5/EXE_5_ITEM_4-eps-converted-to.pdf  u
sed on input line 659.
(pdftex.def)             Requested size: 222.5pt x 148.3331pt.
Package epstopdf Info: Source file: <Figures/Question5/EXE_5_ITEM_3.eps>
(epstopdf)                    date: 2020-08-24 09:28:02
(epstopdf)                    size: 21105 bytes
(epstopdf)             Output file: <Figures/Question5/EXE_5_ITEM_3-eps-convert
ed-to.pdf>
(epstopdf)                    date: 2020-08-24 09:28:14
(epstopdf)                    size: 11895 bytes
(epstopdf)             Command: <repstopdf --outfile=Figures/Question5/EXE_5_IT
EM_3-eps-converted-to.pdf Figures/Question5/EXE_5_ITEM_3.eps>
(epstopdf)             \includegraphics on input line 666.
Package epstopdf Info: Output file is already uptodate.


pdfTeX warning: pdflatex (file ./Figures/Question5/EXE_5_ITEM_3-eps-converted-t
o.pdf): PDF inclusion: found PDF version <1.7>, but at most version <1.5> allow
ed
<Figures/Question5/EXE_5_ITEM_3-eps-converted-to.pdf, id=792, 433.62pt x 289.08
pt>
File: Figures/Question5/EXE_5_ITEM_3-eps-converted-to.pdf Graphic file (type pd
f)
<use Figures/Question5/EXE_5_ITEM_3-eps-converted-to.pdf>
Package pdftex.def Info: Figures/Question5/EXE_5_ITEM_3-eps-converted-to.pdf  u
sed on input line 666.
(pdftex.def)             Requested size: 222.5pt x 148.3331pt.
[14 <./Figures/Question5/EXE_5_ITEM_4-eps-converted-to.pdf> <./Figures/Question
5/EXE_5_ITEM_3-eps-converted-to.pdf>]
Package epstopdf Info: Source file: <Figures/Question5/EXE_5_step_error.eps>
(epstopdf)                    date: 2020-09-06 09:01:48
(epstopdf)                    size: 16582 bytes
(epstopdf)             Output file: <Figures/Question5/EXE_5_step_error-eps-con
verted-to.pdf>
(epstopdf)                    date: 2020-09-06 09:04:56
(epstopdf)                    size: 10330 bytes
(epstopdf)             Command: <repstopdf --outfile=Figures/Question5/EXE_5_st
ep_error-eps-converted-to.pdf Figures/Question5/EXE_5_step_error.eps>
(epstopdf)             \includegraphics on input line 680.
Package epstopdf Info: Output file is already uptodate.


pdfTeX warning: pdflatex (file ./Figures/Question5/EXE_5_step_error-eps-convert
ed-to.pdf): PDF inclusion: found PDF version <1.7>, but at most version <1.5> a
llowed
<Figures/Question5/EXE_5_step_error-eps-converted-to.pdf, id=857, 433.62pt x 28
9.08pt>
File: Figures/Question5/EXE_5_step_error-eps-converted-to.pdf Graphic file (typ
e pdf)
<use Figures/Question5/EXE_5_step_error-eps-converted-to.pdf>
Package pdftex.def Info: Figures/Question5/EXE_5_step_error-eps-converted-to.pd
f  used on input line 680.
(pdftex.def)             Requested size: 222.5pt x 148.3331pt.

Overfull \hbox (17.50002pt too wide) in paragraph at lines 680--681
 [][] 
 []

Package epstopdf Info: Source file: <Figures/Question5/EXE_5_ITEM_2.eps>
(epstopdf)                    date: 2020-08-24 09:28:02
(epstopdf)                    size: 17743 bytes
(epstopdf)             Output file: <Figures/Question5/EXE_5_ITEM_2-eps-convert
ed-to.pdf>
(epstopdf)                    date: 2020-08-24 09:28:13
(epstopdf)                    size: 10600 bytes
(epstopdf)             Command: <repstopdf --outfile=Figures/Question5/EXE_5_IT
EM_2-eps-converted-to.pdf Figures/Question5/EXE_5_ITEM_2.eps>
(epstopdf)             \includegraphics on input line 692.
Package epstopdf Info: Output file is already uptodate.


pdfTeX warning: pdflatex (file ./Figures/Question5/EXE_5_ITEM_2-eps-converted-t
o.pdf): PDF inclusion: found PDF version <1.7>, but at most version <1.5> allow
ed
<Figures/Question5/EXE_5_ITEM_2-eps-converted-to.pdf, id=858, 433.62pt x 289.08
pt>
File: Figures/Question5/EXE_5_ITEM_2-eps-converted-to.pdf Graphic file (type pd
f)
<use Figures/Question5/EXE_5_ITEM_2-eps-converted-to.pdf>
Package pdftex.def Info: Figures/Question5/EXE_5_ITEM_2-eps-converted-to.pdf  u
sed on input line 692.
(pdftex.def)             Requested size: 222.5pt x 148.3331pt.

Overfull \hbox (17.50002pt too wide) in paragraph at lines 692--693
 [][] 
 []

Package epstopdf Info: Source file: <Figures/Question5/EXE_5_parabola_error.eps
>
(epstopdf)                    date: 2020-09-06 09:01:42
(epstopdf)                    size: 15191 bytes
(epstopdf)             Output file: <Figures/Question5/EXE_5_parabola_error-eps
-converted-to.pdf>
(epstopdf)                    date: 2020-09-06 09:11:35
(epstopdf)                    size: 9461 bytes
(epstopdf)             Command: <repstopdf --outfile=Figures/Question5/EXE_5_pa
rabola_error-eps-converted-to.pdf Figures/Question5/EXE_5_parabola_error.eps>
(epstopdf)             \includegraphics on input line 706.
Package epstopdf Info: Output file is already uptodate.


pdfTeX warning: pdflatex (file ./Figures/Question5/EXE_5_parabola_error-eps-con
verted-to.pdf): PDF inclusion: found PDF version <1.7>, but at most version <1.
5> allowed
<Figures/Question5/EXE_5_parabola_error-eps-converted-to.pdf, id=859, 433.62pt 
x 289.08pt>
File: Figures/Question5/EXE_5_parabola_error-eps-converted-to.pdf Graphic file 
(type pdf)
<use Figures/Question5/EXE_5_parabola_error-eps-converted-to.pdf>
Package pdftex.def Info: Figures/Question5/EXE_5_parabola_error-eps-converted-t
o.pdf  used on input line 706.
(pdftex.def)             Requested size: 222.5pt x 148.3331pt.

Overfull \hbox (17.50002pt too wide) in paragraph at lines 706--707
 [][] 
 []


Overfull \vbox (41.75214pt too high) has occurred while \output is active []


Overfull \vbox (41.75214pt too high) has occurred while \output is active []


Overfull \vbox (41.75214pt too high) has occurred while \output is active []


[15 <./Figures/Question5/EXE_5_step_error-eps-converted-to.pdf> <./Figures/Ques
tion5/EXE_5_ITEM_2-eps-converted-to.pdf> <./Figures/Question5/EXE_5_parabola_er
ror-eps-converted-to.pdf>]
<Figures/FromMichela/Question6_Figure_1.pdf, id=934, 837.06874pt x 324.80336pt>

File: Figures/FromMichela/Question6_Figure_1.pdf Graphic file (type pdf)
<use Figures/FromMichela/Question6_Figure_1.pdf>
Package pdftex.def Info: Figures/FromMichela/Question6_Figure_1.pdf  used on in
put line 715.
(pdftex.def)             Requested size: 222.5pt x 86.33514pt.
 [16 <./Figures/FromMichela/Question6_Figure_1.pdf>]
[17] [18]
Package epstopdf Info: Source file: <Figures/Question6/EXE_6_pzmap.eps>
(epstopdf)                    date: 2020-09-04 16:27:22
(epstopdf)                    size: 16110 bytes
(epstopdf)             Output file: <Figures/Question6/EXE_6_pzmap-eps-converte
d-to.pdf>
(epstopdf)                    date: 2020-09-04 16:38:49
(epstopdf)                    size: 11059 bytes
(epstopdf)             Command: <repstopdf --outfile=Figures/Question6/EXE_6_pz
map-eps-converted-to.pdf Figures/Question6/EXE_6_pzmap.eps>
(epstopdf)             \includegraphics on input line 902.
Package epstopdf Info: Output file is already uptodate.


pdfTeX warning: pdflatex (file ./Figures/Question6/EXE_6_pzmap-eps-converted-to
.pdf): PDF inclusion: found PDF version <1.7>, but at most version <1.5> allowe
d
<Figures/Question6/EXE_6_pzmap-eps-converted-to.pdf, id=1120, 433.62pt x 289.08
pt>
File: Figures/Question6/EXE_6_pzmap-eps-converted-to.pdf Graphic file (type pdf
)
<use Figures/Question6/EXE_6_pzmap-eps-converted-to.pdf>
Package pdftex.def Info: Figures/Question6/EXE_6_pzmap-eps-converted-to.pdf  us
ed on input line 902.
(pdftex.def)             Requested size: 222.5pt x 148.3331pt.
Package epstopdf Info: Source file: <Figures/Question6/EXE_6_FINAL_PRINT.eps>
(epstopdf)                    date: 2020-09-05 16:36:10
(epstopdf)                    size: 26956 bytes
(epstopdf)             Output file: <Figures/Question6/EXE_6_FINAL_PRINT-eps-co
nverted-to.pdf>
(epstopdf)                    date: 2020-09-05 16:48:11
(epstopdf)                    size: 15692 bytes
(epstopdf)             Command: <repstopdf --outfile=Figures/Question6/EXE_6_FI
NAL_PRINT-eps-converted-to.pdf Figures/Question6/EXE_6_FINAL_PRINT.eps>
(epstopdf)             \includegraphics on input line 919.
Package epstopdf Info: Output file is already uptodate.


pdfTeX warning: pdflatex (file ./Figures/Question6/EXE_6_FINAL_PRINT-eps-conver
ted-to.pdf): PDF inclusion: found PDF version <1.7>, but at most version <1.5> 
allowed
<Figures/Question6/EXE_6_FINAL_PRINT-eps-converted-to.pdf, id=1122, 433.62pt x 
289.08pt>
File: Figures/Question6/EXE_6_FINAL_PRINT-eps-converted-to.pdf Graphic file (ty
pe pdf)
<use Figures/Question6/EXE_6_FINAL_PRINT-eps-converted-to.pdf>
Package pdftex.def Info: Figures/Question6/EXE_6_FINAL_PRINT-eps-converted-to.p
df  used on input line 919.
(pdftex.def)             Requested size: 222.5pt x 148.3331pt.

Overfull \hbox (2.1534pt too wide) in paragraph at lines 927--928
[]\T1/aer/m/n/10 The nat-u-ral fre-quency: 0.10457478294286249 
 []

[19 <./Figures/Question6/EXE_6_pzmap-eps-converted-to.pdf> <./Figures/Question6
/EXE_6_FINAL_PRINT-eps-converted-to.pdf>]
Overfull \hbox (2.1534pt too wide) in paragraph at lines 938--939
[]\T1/aer/m/n/10 The nat-u-ral fre-quency: 0.10757013178822733 
 []

[20]
Package hyperref Info: bookmark level for unknown lstlisting defaults to 0 on i
nput line 959.


LaTeX Font Warning: Font shape `T1/aett/bx/n' undefined
(Font)              using `T1/aett/m/n' instead on input line 960.

[21] [22] [23] [24] [25] [26] [27] [28]
Package atveryend Info: Empty hook `BeforeClearDocument' on input line 1422.
Package atveryend Info: Empty hook `AfterLastShipout' on input line 1422.
 (build/TI0118_HW_template.aux)
Package atveryend Info: Executing hook `AtVeryEndDocument' on input line 1422.
Package atveryend Info: Executing hook `AtEndAfterFileList' on input line 1422.

Package rerunfilecheck Info: File `TI0118_HW_template.out' has not changed.
(rerunfilecheck)             Checksum: <no file>.


LaTeX Font Warning: Some font shapes were not available, defaults substituted.


LaTeX Warning: There were multiply-defined labels.

Package atveryend Info: Empty hook `AtVeryVeryEnd' on input line 1422.
 ) 
Here is how much of TeX's memory you used:
 21068 strings out of 494880
 380014 string characters out of 6179600
 608237 words of memory out of 5000000
 23411 multiletter control sequences out of 15000+600000
 36137 words of font info for 88 fonts, out of 8000000 for 9000
 36 hyphenation exceptions out of 8191
 55i,21n,59p,873b,1889s stack positions out of 5000i,500n,10000p,200000b,80000s
</usr/share/texlive/texmf-dist/fonts/type1/public/amsfonts/cm/cmbx9.pfb></usr
/share/texlive/texmf-dist/fonts/type1/public/amsfonts/cm/cmcsc10.pfb></usr/shar
e/texlive/texmf-dist/fonts/type1/public/amsfonts/cm/cmex10.pfb></usr/share/texl
ive/texmf-dist/fonts/type1/public/amsfonts/cm/cmitt10.pfb></usr/share/texlive/t
exmf-dist/fonts/type1/public/amsfonts/cm/cmmi10.pfb></usr/share/texlive/texmf-d
ist/fonts/type1/public/amsfonts/cm/cmmi12.pfb></usr/share/texlive/texmf-dist/fo
nts/type1/public/amsfonts/cm/cmmi5.pfb></usr/share/texlive/texmf-dist/fonts/typ
e1/public/amsfonts/cm/cmmi7.pfb></usr/share/texlive/texmf-dist/fonts/type1/publ
ic/amsfonts/cm/cmmi8.pfb></usr/share/texlive/texmf-dist/fonts/type1/public/amsf
onts/cm/cmmi9.pfb></usr/share/texlive/texmf-dist/fonts/type1/public/amsfonts/cm
/cmr10.pfb></usr/share/texlive/texmf-dist/fonts/type1/public/amsfonts/cm/cmr12.
pfb></usr/share/texlive/texmf-dist/fonts/type1/public/amsfonts/cm/cmr5.pfb></us
r/share/texlive/texmf-dist/fonts/type1/public/amsfonts/cm/cmr6.pfb></usr/share/
texlive/texmf-dist/fonts/type1/public/amsfonts/cm/cmr7.pfb></usr/share/texlive/
texmf-dist/fonts/type1/public/amsfonts/cm/cmr8.pfb></usr/share/texlive/texmf-di
st/fonts/type1/public/amsfonts/cm/cmr9.pfb></usr/share/texlive/texmf-dist/fonts
/type1/public/amsfonts/cm/cmsy10.pfb></usr/share/texlive/texmf-dist/fonts/type1
/public/amsfonts/cm/cmsy7.pfb></usr/share/texlive/texmf-dist/fonts/type1/public
/amsfonts/cm/cmtt10.pfb></usr/share/texlive/texmf-dist/fonts/type1/public/amsfo
nts/cm/cmtt8.pfb></usr/share/texlive/texmf-dist/fonts/type1/public/amsfonts/sym
bols/msam10.pfb>
Output written on build/TI0118_HW_template.pdf (28 pages, 1121076 bytes).
PDF statistics:
 1827 PDF objects out of 2073 (max. 8388607)
 1107 compressed objects within 12 object streams
 531 named destinations out of 1000 (max. 500000)
 201 words of extra memory for PDF output out of 10000 (max. 10000000)

